2020-12-01 22:15:24,632 INFO o.s.b.StartupInfoLogger [main] Starting CryptonatorApplication on DESKTOP-K6OCAC1 with PID 1420 (started by Антон in C:\Users\Антон\IdeaProjects\cryptonator)
2020-12-01 22:15:24,648 INFO o.s.b.SpringApplication [main] No active profile set, falling back to default profiles: default
2020-12-01 22:15:25,405 INFO o.s.d.r.c.RepositoryConfigurationDelegate [main] Bootstrapping Spring Data JPA repositories in DEFAULT mode.
2020-12-01 22:15:25,504 INFO o.s.d.r.c.RepositoryConfigurationDelegate [main] Finished Spring Data repository scanning in 86ms. Found 2 JPA repository interfaces.
2020-12-01 22:15:26,181 INFO o.s.b.w.e.t.TomcatWebServer [main] Tomcat initialized with port(s): 8080 (http)
2020-12-01 22:15:26,192 INFO o.a.j.l.DirectJDKLog [main] Initializing ProtocolHandler ["http-nio-8080"]
2020-12-01 22:15:26,193 INFO o.a.j.l.DirectJDKLog [main] Starting service [Tomcat]
2020-12-01 22:15:26,194 INFO o.a.j.l.DirectJDKLog [main] Starting Servlet engine: [Apache Tomcat/9.0.31]
2020-12-01 22:15:26,340 INFO o.a.j.l.DirectJDKLog [main] Initializing Spring embedded WebApplicationContext
2020-12-01 22:15:26,341 INFO o.s.b.w.s.c.ServletWebServerApplicationContext [main] Root WebApplicationContext: initialization completed in 1631 ms
2020-12-01 22:15:26,491 INFO c.z.h.HikariDataSource [main] HikariPool-1 - Starting...
2020-12-01 22:15:26,662 INFO c.z.h.HikariDataSource [main] HikariPool-1 - Start completed.
2020-12-01 22:15:26,724 INFO o.h.j.i.u.LogHelper [main] HHH000204: Processing PersistenceUnitInfo [name: default]
2020-12-01 22:15:26,823 INFO o.h.Version [main] HHH000412: Hibernate ORM core version 5.4.12.Final
2020-12-01 22:15:27,011 INFO o.h.a.c.r.j.JavaReflectionManager [main] HCANN000001: Hibernate Commons Annotations {5.1.0.Final}
2020-12-01 22:15:27,184 INFO o.h.d.Dialect [main] HHH000400: Using dialect: org.hibernate.dialect.H2Dialect
2020-12-01 22:15:28,063 INFO o.h.e.t.j.p.i.JtaPlatformInitiator [main] HHH000490: Using JtaPlatform implementation: [org.hibernate.engine.transaction.jta.platform.internal.NoJtaPlatform]
2020-12-01 22:15:28,074 INFO o.s.o.j.AbstractEntityManagerFactoryBean [main] Initialized JPA EntityManagerFactory for persistence unit 'default'
2020-12-01 22:15:33,743 INFO o.p.c.s.ChooseMarketService [main] Good market count: 127
2020-12-01 22:15:34,142 INFO o.p.c.s.ChooseMarketService [main] Changing best market to ETHBTC
2020-12-01 22:15:34,971 INFO o.p.c.s.ChooseMarketService [main] Changing best market to BNBBTC
2020-12-01 22:15:35,612 INFO o.p.c.s.ChooseMarketService [main] Changing best market to GASBTC
